[Node 5] bootstrapped baseline

=== Round 1 (Node 5) role=CLIENT leader=False ===
[Node 5] r=1 trained hash 02c8c2528ddb -> c8f0efd40c06
[Node 5] r=1 committed c8f0efd40c06..
[Node 5] pull r=1 timed out.
[Node 5] WARN: no finalized global pulled for r=1.
[Node 5] pull r=1 timed out.
[Node 5] WARN: proceeding without r=1 pull.

=== Round 2 (Node 5) role=CLIENT leader=False ===
[Node 5] r=2 trained hash c8f0efd40c06 -> 360461e998a8
[Node 5] r=2 committed 360461e998a8..
[Node 5] pull r=2 timed out.
[Node 5] WARN: no finalized global pulled for r=2.
[Node 5] pull r=2 timed out.
[Node 5] WARN: proceeding without r=2 pull.

=== Round 3 (Node 5) role=CLIENT leader=False ===
[Node 5] r=3 trained hash 360461e998a8 -> a96ef7b9c348
[Node 5] r=3 committed a96ef7b9c348..
[Node 5] pull r=3 timed out.
[Node 5] WARN: no finalized global pulled for r=3.
[Node 5] pull r=3 timed out.
[Node 5] WARN: proceeding without r=3 pull.

=== Round 4 (Node 5) role=AGG leader=False ===
[Node 5] (agg) round-start acc=0.1117
[Node 5] r=4 trained hash a96ef7b9c348 -> 3915e91f1ae3
Traceback (most recent call last):
  File "<frozen runpy>", line 198, in _run_module_as_main
  File "<frozen runpy>", line 88, in _run_code
  File "/workspaces/FL_project/src/node_agent.py", line 404, in <module>
    NodeAgent(cid).run_loop(start_round_id=start_r)
  File "/workspaces/FL_project/src/node_agent.py", line 326, in run_loop
    self._upload_and_commit(rid)
  File "/workspaces/FL_project/src/node_agent.py", line 214, in _upload_and_commit
    self.store.upload_blob(rid, self.cid, blob, chunk_size=self.client_chunk_sz)
  File "/workspaces/FL_project/src/storage_chain.py", line 196, in upload_blob
    txh = self.put_chunk(round_id, writer_id, i, part)
          ^^^^^^^^^^^^^^^^^^^^^^^^^^^^^^^^^^^^^^^^^^^^
  File "/workspaces/FL_project/src/storage_chain.py", line 184, in put_chunk
    return self._send_tx(self.contract.functions.putChunk, int(round_id), int(writer_id), int(idx), data)
           ^^^^^^^^^^^^^^^^^^^^^^^^^^^^^^^^^^^^^^^^^^^^^^^^^^^^^^^^^^^^^^^^^^^^^^^^^^^^^^^^^^^^^^^^^^^^^^
  File "/workspaces/FL_project/src/storage_chain.py", line 180, in _send_tx
    raise RuntimeError(f"Failed to send tx after retries: {last_err}")
RuntimeError: Failed to send tx after retries: {'message': "HTTPConnectionPool(host='127.0.0.1', port=8545): Read timed out. (read timeout=30.0)"}
