[Node 0] bootstrapped baseline

=== Round 1 (Node 0) role=CLIENT leader=False ===
[Node 0] r=1 trained hash 02c8c2528ddb -> 7eb6076b25ef
[Node 0] r=1 committed 7eb6076b25ef..
[Node 0] pull r=1 timed out.
[Node 0] WARN: no finalized global pulled for r=1.
[Node 0] pull r=1 timed out.
[Node 0] WARN: proceeding without r=1 pull.

=== Round 2 (Node 0) role=CLIENT leader=False ===
[Node 0] r=2 trained hash 7eb6076b25ef -> 8ee125164112
[Node 0] r=2 committed 8ee125164112..
[Node 0] pull r=2 timed out.
[Node 0] WARN: no finalized global pulled for r=2.
[Node 0] pull r=2 timed out.
[Node 0] WARN: proceeding without r=2 pull.
[Node 0] began round 3 (agg_set=[0, 4])

=== Round 3 (Node 0) role=AGG leader=True ===
[Node 0] (agg) round-start acc=0.1117
[Node 0] r=3 trained hash 8ee125164112 -> d6d1e1fa94f4
[Node 0] r=3 committed d6d1e1fa94f4..
[Node 0] r=3 commits=[0, 1, 2, 3, 5, 4]
[Node 0] pull r=3 timed out.
[Node 0] WARN: no finalized global pulled for r=3.
[Node 0] pull r=3 timed out.
[Node 0] WARN: proceeding without r=3 pull.

=== Round 4 (Node 0) role=CLIENT leader=False ===
[Node 0] r=4 trained hash d6d1e1fa94f4 -> e64977a052ce
Traceback (most recent call last):
  File "<frozen runpy>", line 198, in _run_module_as_main
  File "<frozen runpy>", line 88, in _run_code
  File "/workspaces/FL_project/src/node_agent.py", line 404, in <module>
    NodeAgent(cid).run_loop(start_round_id=start_r)
  File "/workspaces/FL_project/src/node_agent.py", line 326, in run_loop
    self._upload_and_commit(rid)
  File "/workspaces/FL_project/src/node_agent.py", line 214, in _upload_and_commit
    self.store.upload_blob(rid, self.cid, blob, chunk_size=self.client_chunk_sz)
  File "/workspaces/FL_project/src/storage_chain.py", line 196, in upload_blob
    txh = self.put_chunk(round_id, writer_id, i, part)
          ^^^^^^^^^^^^^^^^^^^^^^^^^^^^^^^^^^^^^^^^^^^^
  File "/workspaces/FL_project/src/storage_chain.py", line 184, in put_chunk
    return self._send_tx(self.contract.functions.putChunk, int(round_id), int(writer_id), int(idx), data)
           ^^^^^^^^^^^^^^^^^^^^^^^^^^^^^^^^^^^^^^^^^^^^^^^^^^^^^^^^^^^^^^^^^^^^^^^^^^^^^^^^^^^^^^^^^^^^^^
  File "/workspaces/FL_project/src/storage_chain.py", line 180, in _send_tx
    raise RuntimeError(f"Failed to send tx after retries: {last_err}")
RuntimeError: Failed to send tx after retries: {'message': "HTTPConnectionPool(host='127.0.0.1', port=8545): Read timed out. (read timeout=30.0)"}
