[Node 3] bootstrapped baseline

=== Round 1 (Node 3) role=AGG leader=False ===
[Node 3] (agg) round-start acc=0.1117
[Node 3] r=1 trained hash 02c8c2528ddb -> 3b0ad43ab593
[Node 3] r=1 committed 3b0ad43ab593..
[Node 3] r=1 commits=[0, 1, 2, 3, 4, 5]
[Node 3] pull r=1 timed out.
[Node 3] WARN: no finalized global pulled for r=1.
[Node 3] pull r=1 timed out.
[Node 3] WARN: proceeding without r=1 pull.

=== Round 2 (Node 3) role=CLIENT leader=False ===
[Node 3] r=2 trained hash 3b0ad43ab593 -> 5ceb8b364fa0
[Node 3] r=2 committed 5ceb8b364fa0..
[Node 3] pull r=2 timed out.
[Node 3] WARN: no finalized global pulled for r=2.
[Node 3] pull r=2 timed out.
[Node 3] WARN: proceeding without r=2 pull.

=== Round 3 (Node 3) role=CLIENT leader=False ===
[Node 3] r=3 trained hash 5ceb8b364fa0 -> 9e7fc172b248
[Node 3] r=3 committed 9e7fc172b248..
[Node 3] pull r=3 timed out.
[Node 3] WARN: no finalized global pulled for r=3.
[Node 3] pull r=3 timed out.
[Node 3] WARN: proceeding without r=3 pull.
[Node 3] began round 4 (agg_set=[3, 5])

=== Round 4 (Node 3) role=AGG leader=True ===
[Node 3] (agg) round-start acc=0.1117
[Node 3] r=4 trained hash 9e7fc172b248 -> f15278b2ea0d
[Node 3] r=4 committed f15278b2ea0d..
Traceback (most recent call last):
  File "/home/codespace/.local/lib/python3.12/site-packages/urllib3/connectionpool.py", line 534, in _make_request
    response = conn.getresponse()
               ^^^^^^^^^^^^^^^^^^
  File "/home/codespace/.local/lib/python3.12/site-packages/urllib3/connection.py", line 565, in getresponse
    httplib_response = super().getresponse()
                       ^^^^^^^^^^^^^^^^^^^^^
  File "/usr/local/python/3.12.1/lib/python3.12/http/client.py", line 1419, in getresponse
    response.begin()
  File "/usr/local/python/3.12.1/lib/python3.12/http/client.py", line 331, in begin
    version, status, reason = self._read_status()
                              ^^^^^^^^^^^^^^^^^^^
  File "/usr/local/python/3.12.1/lib/python3.12/http/client.py", line 292, in _read_status
    line = str(self.fp.readline(_MAXLINE + 1), "iso-8859-1")
               ^^^^^^^^^^^^^^^^^^^^^^^^^^^^^^
  File "/usr/local/python/3.12.1/lib/python3.12/socket.py", line 707, in readinto
    return self._sock.recv_into(b)
           ^^^^^^^^^^^^^^^^^^^^^^^
TimeoutError: timed out

The above exception was the direct cause of the following exception:

Traceback (most recent call last):
  File "/home/codespace/.local/lib/python3.12/site-packages/requests/adapters.py", line 667, in send
    resp = conn.urlopen(
           ^^^^^^^^^^^^^
  File "/home/codespace/.local/lib/python3.12/site-packages/urllib3/connectionpool.py", line 841, in urlopen
    retries = retries.increment(
              ^^^^^^^^^^^^^^^^^^
  File "/home/codespace/.local/lib/python3.12/site-packages/urllib3/util/retry.py", line 474, in increment
    raise reraise(type(error), error, _stacktrace)
          ^^^^^^^^^^^^^^^^^^^^^^^^^^^^^^^^^^^^^^^^
  File "/home/codespace/.local/lib/python3.12/site-packages/urllib3/util/util.py", line 39, in reraise
    raise value
  File "/home/codespace/.local/lib/python3.12/site-packages/urllib3/connectionpool.py", line 787, in urlopen
    response = self._make_request(
               ^^^^^^^^^^^^^^^^^^^
  File "/home/codespace/.local/lib/python3.12/site-packages/urllib3/connectionpool.py", line 536, in _make_request
    self._raise_timeout(err=e, url=url, timeout_value=read_timeout)
  File "/home/codespace/.local/lib/python3.12/site-packages/urllib3/connectionpool.py", line 367, in _raise_timeout
    raise ReadTimeoutError(
urllib3.exceptions.ReadTimeoutError: HTTPConnectionPool(host='127.0.0.1', port=8545): Read timed out. (read timeout=30.0)

During handling of the above exception, another exception occurred:

Traceback (most recent call last):
  File "<frozen runpy>", line 198, in _run_module_as_main
  File "<frozen runpy>", line 88, in _run_code
  File "/workspaces/FL_project/src/node_agent.py", line 404, in <module>
    NodeAgent(cid).run_loop(start_round_id=start_r)
  File "/workspaces/FL_project/src/node_agent.py", line 330, in run_loop
    committed = self._wait_for_commits(rid, list(self.client_sizes.keys()))
                ^^^^^^^^^^^^^^^^^^^^^^^^^^^^^^^^^^^^^^^^^^^^^^^^^^^^^^^^^^^
  File "/workspaces/FL_project/src/node_agent.py", line 243, in _wait_for_commits
    hh = self.chain.get_client_commit(rid, k)
         ^^^^^^^^^^^^^^^^^^^^^^^^^^^^^^^^^^^^
  File "/workspaces/FL_project/src/onchain_v2.py", line 75, in get_client_commit
    b = self.contract.functions.getClientCommit(int(round_id), int(client_id)).call()
        ^^^^^^^^^^^^^^^^^^^^^^^^^^^^^^^^^^^^^^^^^^^^^^^^^^^^^^^^^^^^^^^^^^^^^^^^^^^^^
  File "/usr/local/python/3.12.1/lib/python3.12/site-packages/web3/contract/contract.py", line 291, in call
    return call_contract_function(
           ^^^^^^^^^^^^^^^^^^^^^^^
  File "/usr/local/python/3.12.1/lib/python3.12/site-packages/web3/contract/utils.py", line 153, in call_contract_function
    return_data = w3.eth.call(
                  ^^^^^^^^^^^^
  File "/usr/local/python/3.12.1/lib/python3.12/site-packages/web3/eth/eth.py", line 247, in call
    return self._durin_call(transaction, block_identifier, state_override)
           ^^^^^^^^^^^^^^^^^^^^^^^^^^^^^^^^^^^^^^^^^^^^^^^^^^^^^^^^^^^^^^^
  File "/usr/local/python/3.12.1/lib/python3.12/site-packages/web3/eth/eth.py", line 266, in _durin_call
    return self._call(transaction, block_identifier, state_override)
           ^^^^^^^^^^^^^^^^^^^^^^^^^^^^^^^^^^^^^^^^^^^^^^^^^^^^^^^^^
  File "/usr/local/python/3.12.1/lib/python3.12/site-packages/web3/module.py", line 112, in caller
    result = w3.manager.request_blocking(
             ^^^^^^^^^^^^^^^^^^^^^^^^^^^^
  File "/usr/local/python/3.12.1/lib/python3.12/site-packages/web3/manager.py", line 231, in request_blocking
    response = self._make_request(method, params)
               ^^^^^^^^^^^^^^^^^^^^^^^^^^^^^^^^^^
  File "/usr/local/python/3.12.1/lib/python3.12/site-packages/web3/manager.py", line 163, in _make_request
    return request_func(method, params)
           ^^^^^^^^^^^^^^^^^^^^^^^^^^^^
  File "/usr/local/python/3.12.1/lib/python3.12/site-packages/web3/middleware/base.py", line 56, in middleware
    return self.response_processor(method, make_request(method, params))
                                           ^^^^^^^^^^^^^^^^^^^^^^^^^^^^
  File "/usr/local/python/3.12.1/lib/python3.12/site-packages/web3/middleware/base.py", line 56, in middleware
    return self.response_processor(method, make_request(method, params))
                                           ^^^^^^^^^^^^^^^^^^^^^^^^^^^^
  File "/usr/local/python/3.12.1/lib/python3.12/site-packages/web3/middleware/base.py", line 56, in middleware
    return self.response_processor(method, make_request(method, params))
                                           ^^^^^^^^^^^^^^^^^^^^^^^^^^^^
  File "/usr/local/python/3.12.1/lib/python3.12/site-packages/web3/middleware/base.py", line 55, in middleware
    method, params = self.request_processor(method, params)
                     ^^^^^^^^^^^^^^^^^^^^^^^^^^^^^^^^^^^^^^
  File "/usr/local/python/3.12.1/lib/python3.12/site-packages/web3/middleware/formatting.py", line 156, in request_processor
    self.sync_formatters_builder(cast("Web3", self._w3), method),
    ^^^^^^^^^^^^^^^^^^^^^^^^^^^^^^^^^^^^^^^^^^^^^^^^^^^^^^^^^^^^
  File "/usr/local/python/3.12.1/lib/python3.12/site-packages/web3/middleware/validation.py", line 141, in build_method_validators
    w3_chain_id = w3.eth.chain_id
                  ^^^^^^^^^^^^^^^
  File "/usr/local/python/3.12.1/lib/python3.12/site-packages/web3/eth/eth.py", line 156, in chain_id
    return self._chain_id()
           ^^^^^^^^^^^^^^^^
  File "/usr/local/python/3.12.1/lib/python3.12/site-packages/web3/module.py", line 112, in caller
    result = w3.manager.request_blocking(
             ^^^^^^^^^^^^^^^^^^^^^^^^^^^^
  File "/usr/local/python/3.12.1/lib/python3.12/site-packages/web3/manager.py", line 231, in request_blocking
    response = self._make_request(method, params)
               ^^^^^^^^^^^^^^^^^^^^^^^^^^^^^^^^^^
  File "/usr/local/python/3.12.1/lib/python3.12/site-packages/web3/manager.py", line 163, in _make_request
    return request_func(method, params)
           ^^^^^^^^^^^^^^^^^^^^^^^^^^^^
  File "/usr/local/python/3.12.1/lib/python3.12/site-packages/web3/middleware/base.py", line 56, in middleware
    return self.response_processor(method, make_request(method, params))
                                           ^^^^^^^^^^^^^^^^^^^^^^^^^^^^
  File "/usr/local/python/3.12.1/lib/python3.12/site-packages/web3/middleware/base.py", line 56, in middleware
    return self.response_processor(method, make_request(method, params))
                                           ^^^^^^^^^^^^^^^^^^^^^^^^^^^^
  File "/usr/local/python/3.12.1/lib/python3.12/site-packages/web3/middleware/base.py", line 56, in middleware
    return self.response_processor(method, make_request(method, params))
                                           ^^^^^^^^^^^^^^^^^^^^^^^^^^^^
  [Previous line repeated 2 more times]
  File "/usr/local/python/3.12.1/lib/python3.12/site-packages/web3/_utils/caching/caching_utils.py", line 261, in wrapper
    return func(provider, method, params)
           ^^^^^^^^^^^^^^^^^^^^^^^^^^^^^^
  File "/usr/local/python/3.12.1/lib/python3.12/site-packages/web3/providers/rpc/rpc.py", line 169, in make_request
    raw_response = self._make_request(method, request_data)
                   ^^^^^^^^^^^^^^^^^^^^^^^^^^^^^^^^^^^^^^^^
  File "/usr/local/python/3.12.1/lib/python3.12/site-packages/web3/providers/rpc/rpc.py", line 156, in _make_request
    raise e
  File "/usr/local/python/3.12.1/lib/python3.12/site-packages/web3/providers/rpc/rpc.py", line 146, in _make_request
    return self._request_session_manager.make_post_request(
           ^^^^^^^^^^^^^^^^^^^^^^^^^^^^^^^^^^^^^^^^^^^^^^^^
  File "/usr/local/python/3.12.1/lib/python3.12/site-packages/web3/_utils/http_session_manager.py", line 145, in make_post_request
    with self.get_response_from_post_request(
         ^^^^^^^^^^^^^^^^^^^^^^^^^^^^^^^^^^^^
  File "/usr/local/python/3.12.1/lib/python3.12/site-packages/web3/_utils/http_session_manager.py", line 127, in get_response_from_post_request
    return session.post(endpoint_uri, *args, **kwargs)
           ^^^^^^^^^^^^^^^^^^^^^^^^^^^^^^^^^^^^^^^^^^^
  File "/home/codespace/.local/lib/python3.12/site-packages/requests/sessions.py", line 637, in post
    return self.request("POST", url, data=data, json=json, **kwargs)
           ^^^^^^^^^^^^^^^^^^^^^^^^^^^^^^^^^^^^^^^^^^^^^^^^^^^^^^^^^
  File "/home/codespace/.local/lib/python3.12/site-packages/requests/sessions.py", line 589, in request
    resp = self.send(prep, **send_kwargs)
           ^^^^^^^^^^^^^^^^^^^^^^^^^^^^^^
  File "/home/codespace/.local/lib/python3.12/site-packages/requests/sessions.py", line 703, in send
    r = adapter.send(request, **kwargs)
        ^^^^^^^^^^^^^^^^^^^^^^^^^^^^^^^
  File "/home/codespace/.local/lib/python3.12/site-packages/requests/adapters.py", line 713, in send
    raise ReadTimeout(e, request=request)
requests.exceptions.ReadTimeout: HTTPConnectionPool(host='127.0.0.1', port=8545): Read timed out. (read timeout=30.0)
